<?xml version="1.0" encoding="UTF-8"?>
<!-- Generated by org.testng.reporters.JUnitXMLReporter -->
<testsuite ignored="0" hostname="DESKTOP-8SMQJBL" failures="0" tests="4" name="Terkwaz Automation Test Framework" time="49.39" errors="0" timestamp="18 Mar 2020 01:41:49 GMT">
  <testcase classname="com.terkwaz.testcases.Api_Test" name="FactsAPITest" time="1.461"/>
  <testcase classname="com.terkwaz.testcases.Google_Test" name="TC1_GoogleSearch" time="1.801"/>
  <testcase classname="com.terkwaz.testcases.HerokuApp_Test" name="TC1_UploadFile" time="1.112"/>
  <testcase classname="com.terkwaz.testcases.HerokuApp_Test" name="TC2_DynamicLoading" time="6.066"/>
</testsuite> <!-- Terkwaz Automation Test Framework -->
