<?xml version="1.0" encoding="UTF-8"?>
<testsuite xmlns:xsi="http://www.w3.org/2001/XMLSchema-instance" xsi:noNamespaceSchemaLocation="https://maven.apache.org/surefire/maven-surefire-plugin/xsd/surefire-test-report.xsd" name="TestSuite" time="50.826" tests="4" errors="0" skipped="0" failures="0">
  <properties>
[...]
</properties>
  <testcase name="FactsAPITest" classname="com.terkwaz.testcases.Api_Test" time="1.528"/>
  <testcase name="TC1_GoogleSearch" classname="com.terkwaz.testcases.Google_Test" time="1.802"/>
  <testcase name="TC1_UploadFile" classname="com.terkwaz.testcases.HerokuApp_Test" time="1.112"/>
  <testcase name="TC2_DynamicLoading" classname="com.terkwaz.testcases.HerokuApp_Test" time="6.06"/>
</testsuite>